<?xml version="1.0" encoding="UTF-8"?>
<!-- Generated by org.testng.reporters.JUnitXMLReporter -->
<testsuite ignored="20" hostname="IN-PG02A7W0" failures="2" tests="20" name="Test" time="1029.062" errors="0" timestamp="2022-10-05T22:53:33 IST">
  <testcase classname="Com.Sample.testcases.LoginTest" name="correctemailtest" time="5.853"/>
  <testcase classname="Com.Sample.testcases.LoginTest" name="Incorrectemailtest" time="5.731">
    <failure type="java.lang.NullPointerException">
      <![CDATA[java.lang.NullPointerException
at java.base/java.util.concurrent.TimeUnit.convert(TimeUnit.java:189)
at org.openqa.selenium.remote.RemoteWebDriver$RemoteWebDriverOptions$RemoteTimeouts.implicitlyWait(RemoteWebDriver.java:781)
at Com.Sample.testcases.LoginTest.Incorrectemailtest(LoginTest.java:50)
at java.base/java.util.ArrayList.forEach(ArrayList.java:1540)
... Removed 27 stack frames]]>
    </failure>
  </testcase> <!-- Incorrectemailtest -->
  <testcase classname="Com.Sample.testcases.AddaddressTest" name="AddValidAddresstest" time="26.766"/>
  <testcase classname="Com.Sample.testcases.AddaddressTest" name="AddInvalidAddresstest" time="27.473">
    <failure type="java.lang.AssertionError" message="expected [Mange Addresses] but found [Manage Addresses]">
      <![CDATA[java.lang.AssertionError: expected [Mange Addresses] but found [Manage Addresses]
at Com.Sample.testcases.AddaddressTest.AddInvalidAddresstest(AddaddressTest.java:135)
at java.base/java.util.ArrayList.forEach(ArrayList.java:1540)
... Removed 33 stack frames]]>
    </failure>
  </testcase> <!-- AddInvalidAddresstest -->
  <testcase classname="Com.Sample.testcases.DeleteAddressTest" name="EditAddressTest" time="27.209"/>
  <testcase classname="Com.Sample.testcases.DeleteAddressTest" name="DeleteAddressTest1" time="23.503"/>
  <testcase classname="Com.Sample.testcases.SuperCoinZoneTest" name="SuperCoinZoneTest1" time="18.024"/>
  <testcase classname="Com.Sample.testcases.OrdersTest" name="OrderTest" time="7.922"/>
  <testcase classname="Com.Sample.testcases.OrdersTest" name="FilterOrderTest" time="10.322"/>
  <testcase classname="Com.Sample.testcases.WishlistTest" name="Wishlist" time="16.246"/>
  <testcase classname="Com.Sample.testcases.WishlistTest" name="DeleteWishlist" time="18.799"/>
  <testcase classname="Com.Sample.testcases.SearchTest" name="Search" time="6.612"/>
  <testcase classname="Com.Sample.testcases.SearchTest" name="AddToCart" time="21.852"/>
  <testcase classname="Com.Sample.testcases.FilterTest" name="Filter" time="11.85"/>
  <testcase classname="Com.Sample.testcases.FilterTest" name="FilterFewThings" time="25.081"/>
  <testcase classname="Com.Sample.testcases.FilterTest" name="DeleteFilteredThings" time="29.964"/>
  <testcase classname="Com.Sample.testcases.SellerTest" name="SellerTest1" time="14.554"/>
  <testcase classname="Com.Sample.testcases.FavoritesTest" name="AddToWishlist" time="21.095"/>
  <testcase classname="Com.Sample.testcases.FavoritesTest" name="DeleteFromWishlist" time="21.729"/>
  <testcase classname="Com.Sample.testcases.SignoutTest" name="SignouttTest" time="8.979"/>
  <testcase classname="Com.Sample.base.basepage" name="@BeforeSuite init" time="0.0">
    <ignored/>
  </testcase> <!-- @BeforeSuite init -->
  <testcase classname="Com.Sample.base.basepage" name="@BeforeSuite init" time="0.0">
    <ignored/>
  </testcase> <!-- @BeforeSuite init -->
  <testcase classname="Com.Sample.base.basepage" name="@BeforeSuite init" time="0.0">
    <ignored/>
  </testcase> <!-- @BeforeSuite init -->
  <testcase classname="Com.Sample.base.basepage" name="@BeforeSuite init" time="0.0">
    <ignored/>
  </testcase> <!-- @BeforeSuite init -->
  <testcase classname="Com.Sample.base.basepage" name="@BeforeSuite init" time="0.0">
    <ignored/>
  </testcase> <!-- @BeforeSuite init -->
  <testcase classname="Com.Sample.base.basepage" name="@BeforeSuite init" time="0.0">
    <ignored/>
  </testcase> <!-- @BeforeSuite init -->
  <testcase classname="Com.Sample.base.basepage" name="@BeforeSuite init" time="0.0">
    <ignored/>
  </testcase> <!-- @BeforeSuite init -->
  <testcase classname="Com.Sample.base.basepage" name="@BeforeSuite init" time="0.0">
    <ignored/>
  </testcase> <!-- @BeforeSuite init -->
  <testcase classname="Com.Sample.base.basepage" name="@BeforeSuite init" time="0.0">
    <ignored/>
  </testcase> <!-- @BeforeSuite init -->
  <testcase classname="Com.Sample.base.basepage" name="@AfterSuite reportFlush" time="0.0">
    <ignored/>
  </testcase> <!-- @AfterSuite reportFlush -->
  <testcase classname="Com.Sample.base.basepage" name="@AfterSuite reportFlush" time="0.0">
    <ignored/>
  </testcase> <!-- @AfterSuite reportFlush -->
  <testcase classname="Com.Sample.base.basepage" name="@AfterSuite reportFlush" time="0.0">
    <ignored/>
  </testcase> <!-- @AfterSuite reportFlush -->
  <testcase classname="Com.Sample.base.basepage" name="@AfterSuite reportFlush" time="0.0">
    <ignored/>
  </testcase> <!-- @AfterSuite reportFlush -->
  <testcase classname="Com.Sample.base.basepage" name="@AfterSuite reportFlush" time="0.0">
    <ignored/>
  </testcase> <!-- @AfterSuite reportFlush -->
  <testcase classname="Com.Sample.base.basepage" name="@BeforeSuite init" time="0.0">
    <ignored/>
  </testcase> <!-- @BeforeSuite init -->
  <testcase classname="Com.Sample.base.basepage" name="@AfterSuite reportFlush" time="0.0">
    <ignored/>
  </testcase> <!-- @AfterSuite reportFlush -->
  <testcase classname="Com.Sample.base.basepage" name="@AfterSuite reportFlush" time="0.0">
    <ignored/>
  </testcase> <!-- @AfterSuite reportFlush -->
  <testcase classname="Com.Sample.base.basepage" name="@AfterSuite reportFlush" time="0.0">
    <ignored/>
  </testcase> <!-- @AfterSuite reportFlush -->
  <testcase classname="Com.Sample.base.basepage" name="@AfterSuite reportFlush" time="0.0">
    <ignored/>
  </testcase> <!-- @AfterSuite reportFlush -->
  <testcase classname="Com.Sample.base.basepage" name="@AfterSuite reportFlush" time="0.0">
    <ignored/>
  </testcase> <!-- @AfterSuite reportFlush -->
</testsuite> <!-- Test -->
